#
# There is insufficient memory for the Java Runtime Environment to continue.
# Native memory allocation (malloc) failed to allocate 1048576 bytes. Error detail: AllocateHeap
# Possible reasons:
#   The system is out of physical RAM or swap space
#   This process is running with CompressedOops enabled, and the Java Heap may be blocking the growth of the native heap
# Possible solutions:
#   Reduce memory load on the system
#   Increase physical memory or swap space
#   Check if swap backing store is full
#   Decrease Java heap size (-Xmx/-Xms)
#   Decrease number of Java threads
#   Decrease Java thread stack sizes (-Xss)
#   Set larger code cache with -XX:ReservedCodeCacheSize=
#   JVM is running with Unscaled Compressed Oops mode in which the Java heap is
#     placed in the first 4GB address space. The Java Heap base address is the
#     maximum limit for the native heap growth. Please use -XX:HeapBaseMinAddress
#     to set the Java Heap base and to place the Java Heap above 4GB virtual address.
# This output file may be truncated or incomplete.
#
#  Out of Memory Error (allocation.cpp:44), pid=21084, tid=18184
#
# JRE version:  (17.0.14+7) (build )
# Java VM: OpenJDK 64-Bit Server VM (17.0.14+7-LTS, mixed mode, sharing, tiered, compressed oops, compressed class ptrs, g1 gc, windows-amd64)
# No core dump will be written. Minidumps are not enabled by default on client versions of Windows
#

---------------  S U M M A R Y ------------

Command Line: -Xmx64m -Xms64m -Dorg.gradle.appname=gradlew org.gradle.wrapper.GradleWrapperMain app:installDebug -PreactNativeDevServerPort=8081

Host: Intel(R) Core(TM) i3-10110U CPU @ 2.10GHz, 4 cores, 7G,  Windows 11 , 64 bit Build 22621 (10.0.22621.4830)
Time: Wed Mar  5 10:14:06 2025 India Standard Time elapsed time: 0.038661 seconds (0d 0h 0m 0s)

---------------  T H R E A D  ---------------

Current thread (0x000001fe65a0f250):  JavaThread "Unknown thread" [_thread_in_vm, id=18184, stack(0x0000004aee500000,0x0000004aee600000)]

Stack: [0x0000004aee500000,0x0000004aee600000]
Native frames: (J=compiled Java code, j=interpreted, Vv=VM code, C=native code)
V  [jvm.dll+0x6886b9]
V  [jvm.dll+0x83f6f8]
V  [jvm.dll+0x8411a3]
V  [jvm.dll+0x841813]
V  [jvm.dll+0x2495cf]
V  [jvm.dll+0xa77b3]
V  [jvm.dll+0x2eb612]
V  [jvm.dll+0x2e314b]
V  [jvm.dll+0x8115fb]
V  [jvm.dll+0x370c01]
V  [jvm.dll+0x7f00ef]
V  [jvm.dll+0x3f76ff]
V  [jvm.dll+0x3f9231]
C  [jli.dll+0x52a0]
C  [ucrtbase.dll+0x29333]
C  [KERNEL32.DLL+0x1259d]
C  [ntdll.dll+0x5af38]


---------------  P R O C E S S  ---------------

Threads class SMR info:
_java_thread_list=0x00007ffa65c4efd8, length=0, elements={
}

Java Threads: ( => current thread )

Other Threads:
  0x000001fe65a2f0f0 GCTaskThread "GC Thread#0" [stack: 0x0000004aee600000,0x0000004aee700000] [id=19680]

[error occurred during error reporting (printing all threads), id 0xc0000005, EXCEPTION_ACCESS_VIOLATION (0xc0000005) at pc=0x00007ffa65400330]

VM state: not at safepoint (not fully initialized)

VM Mutex/Monitor currently owned by a thread:  ([mutex/lock_event])
[0x000001fe65a0a960] Heap_lock - owner thread: 0x000001fe65a0f250

Heap address: 0x00000000fc000000, size: 64 MB, Compressed Oops mode: 32-bit

CDS archive(s) mapped at: [0x0000000000000000-0x0000000000000000-0x0000000000000000), size 0, SharedBaseAddress: 0x0000000800000000, ArchiveRelocationMode: 1.
Narrow klass base: 0x0000000000000000, Narrow klass shift: 0, Narrow klass range: 0x0

GC Precious Log:
<Empty>

Heap:
 garbage-first heap   total 0K, used 0K [0x00000000fc000000, 0x0000000100000000)
  region size 1024K, 0 young (0K), 0 survivors (0K)

[error occurred during error reporting (printing heap information), id 0xc0000005, EXCEPTION_ACCESS_VIOLATION (0xc0000005) at pc=0x00007ffa657f22e9]

GC Heap History (0 events):
No events

Dll operation events (1 events):
Event: 0.010 Loaded shared library C:\Program Files\Microsoft\jdk-17.0.14.7-hotspot\bin\java.dll

Deoptimization events (0 events):
No events

Classes loaded (0 events):
No events

Classes unloaded (0 events):
No events

Classes redefined (0 events):
No events

Internal exceptions (0 events):
No events

VM Operations (0 events):
No events

Memory protections (0 events):
No events

Nmethod flushes (0 events):
No events

Events (0 events):
No events


Dynamic libraries:
0x00007ff728dc0000 - 0x00007ff728dce000 	C:\Program Files\Microsoft\jdk-17.0.14.7-hotspot\bin\java.exe
0x00007ffb0bcd0000 - 0x00007ffb0bee7000 	C:\Windows\SYSTEM32\ntdll.dll
0x00007ffb0a9a0000 - 0x00007ffb0aa64000 	C:\Windows\System32\KERNEL32.DLL
0x00007ffb09100000 - 0x00007ffb094d0000 	C:\Windows\System32\KERNELBASE.dll
0x00007ffb098a0000 - 0x00007ffb099b1000 	C:\Windows\System32\ucrtbase.dll
0x00007ffaf07b0000 - 0x00007ffaf07cd000 	C:\Program Files\Microsoft\jdk-17.0.14.7-hotspot\bin\VCRUNTIME140.dll
0x00007ffaf1140000 - 0x00007ffaf1157000 	C:\Program Files\Microsoft\jdk-17.0.14.7-hotspot\bin\jli.dll
0x00007ffb0ad60000 - 0x00007ffb0af0e000 	C:\Windows\System32\USER32.dll
0x00007ffb08fb0000 - 0x00007ffb08fd6000 	C:\Windows\System32\win32u.dll
0x00007ffaead90000 - 0x00007ffaeb022000 	C:\Windows\WinSxS\amd64_microsoft.windows.common-controls_6595b64144ccf1df_6.0.22621.4830_none_270fe7d773858e80\COMCTL32.dll
0x00007ffb0a700000 - 0x00007ffb0a729000 	C:\Windows\System32\GDI32.dll
0x00007ffb0af10000 - 0x00007ffb0afb7000 	C:\Windows\System32\msvcrt.dll
0x00007ffb08fe0000 - 0x00007ffb090fb000 	C:\Windows\System32\gdi32full.dll
0x00007ffb09800000 - 0x00007ffb0989a000 	C:\Windows\System32\msvcp_win.dll
0x00007ffb0a740000 - 0x00007ffb0a771000 	C:\Windows\System32\IMM32.DLL
0x00007ffb02170000 - 0x00007ffb0217c000 	C:\Program Files\Microsoft\jdk-17.0.14.7-hotspot\bin\vcruntime140_1.dll
0x00007ffad4680000 - 0x00007ffad470d000 	C:\Program Files\Microsoft\jdk-17.0.14.7-hotspot\bin\msvcp140.dll
0x00007ffa65110000 - 0x00007ffa65d82000 	C:\Program Files\Microsoft\jdk-17.0.14.7-hotspot\bin\server\jvm.dll
0x00007ffb0b070000 - 0x00007ffb0b121000 	C:\Windows\System32\ADVAPI32.dll
0x00007ffb0afc0000 - 0x00007ffb0b067000 	C:\Windows\System32\sechost.dll
0x00007ffb08f80000 - 0x00007ffb08fa8000 	C:\Windows\System32\bcrypt.dll
0x00007ffb0bb70000 - 0x00007ffb0bc84000 	C:\Windows\System32\RPCRT4.dll
0x00007ffb0a920000 - 0x00007ffb0a991000 	C:\Windows\System32\WS2_32.dll
0x00007ffb042c0000 - 0x00007ffb042f4000 	C:\Windows\SYSTEM32\WINMM.dll
0x00007ffb08e50000 - 0x00007ffb08e9d000 	C:\Windows\SYSTEM32\POWRPROF.dll
0x00007ffb05800000 - 0x00007ffb0580a000 	C:\Windows\SYSTEM32\VERSION.dll
0x00007ffb08e30000 - 0x00007ffb08e43000 	C:\Windows\SYSTEM32\UMPDC.dll
0x00007ffb07fc0000 - 0x00007ffb07fd8000 	C:\Windows\SYSTEM32\kernel.appcore.dll
0x00007ffb01860000 - 0x00007ffb0186a000 	C:\Program Files\Microsoft\jdk-17.0.14.7-hotspot\bin\jimage.dll
0x00007ffb06760000 - 0x00007ffb06992000 	C:\Windows\SYSTEM32\DBGHELP.DLL
0x00007ffb09ea0000 - 0x00007ffb0a230000 	C:\Windows\System32\combase.dll
0x00007ffb0ba90000 - 0x00007ffb0bb67000 	C:\Windows\System32\OLEAUT32.dll
0x00007ffae9930000 - 0x00007ffae9962000 	C:\Windows\SYSTEM32\dbgcore.DLL
0x00007ffb09700000 - 0x00007ffb0977b000 	C:\Windows\System32\bcryptPrimitives.dll
0x00007ffaef460000 - 0x00007ffaef485000 	C:\Program Files\Microsoft\jdk-17.0.14.7-hotspot\bin\java.dll

dbghelp: loaded successfully - version: 4.0.5 - missing functions: none
symbol engine: initialized successfully - sym options: 0x614 - pdb path: .;C:\Program Files\Microsoft\jdk-17.0.14.7-hotspot\bin;C:\Windows\SYSTEM32;C:\Windows\WinSxS\amd64_microsoft.windows.common-controls_6595b64144ccf1df_6.0.22621.4830_none_270fe7d773858e80;C:\Program Files\Microsoft\jdk-17.0.14.7-hotspot\bin\server

VM Arguments:
jvm_args: -Xmx64m -Xms64m -Dorg.gradle.appname=gradlew 
java_command: org.gradle.wrapper.GradleWrapperMain app:installDebug -PreactNativeDevServerPort=8081
java_class_path (initial): E:\sarathi\android\\gradle\wrapper\gradle-wrapper.jar
Launcher Type: SUN_STANDARD

[Global flags]
     intx CICompilerCount                          = 3                                         {product} {ergonomic}
     uint ConcGCThreads                            = 1                                         {product} {ergonomic}
     uint G1ConcRefinementThreads                  = 4                                         {product} {ergonomic}
   size_t G1HeapRegionSize                         = 1048576                                   {product} {ergonomic}
    uintx GCDrainStackTargetSize                   = 64                                        {product} {ergonomic}
   size_t InitialHeapSize                          = 67108864                                  {product} {command line}
   size_t MarkStackSize                            = 4194304                                   {product} {ergonomic}
   size_t MaxHeapSize                              = 67108864                                  {product} {command line}
   size_t MinHeapDeltaBytes                        = 1048576                                   {product} {ergonomic}
   size_t MinHeapSize                              = 67108864                                  {product} {command line}
    uintx NonNMethodCodeHeapSize                   = 5832780                                {pd product} {ergonomic}
    uintx NonProfiledCodeHeapSize                  = 122912730                              {pd product} {ergonomic}
    uintx ProfiledCodeHeapSize                     = 122912730                              {pd product} {ergonomic}
    uintx ReservedCodeCacheSize                    = 251658240                              {pd product} {ergonomic}
     bool SegmentedCodeCache                       = true                                      {product} {ergonomic}
   size_t SoftMaxHeapSize                          = 67108864                               {manageable} {ergonomic}
     bool UseCompressedClassPointers               = true                           {product lp64_product} {ergonomic}
     bool UseCompressedOops                        = true                           {product lp64_product} {ergonomic}
     bool UseG1GC                                  = true                                      {product} {ergonomic}
     bool UseLargePagesIndividualAllocation        = false                                  {pd product} {ergonomic}

Logging:
Log output configuration:
 #0: stdout all=warning uptime,level,tags
 #1: stderr all=off uptime,level,tags

Environment Variables:
JAVA_HOME=C:\Program Files\Microsoft\jdk-17.0.14.7-hotspot\
CLASSPATH=E:\sarathi\android\\gradle\wrapper\gradle-wrapper.jar
PATH=C:\Users\pdas2\AppData\Local\Temp\yarn--1741149815705-0.4818496735397868;E:\sarathi\node_modules\.bin;C:\Users\pdas2\AppData\Local\Yarn\Data\link\node_modules\.bin;C:\Users\pdas2\AppData\Local\Yarn\bin;C:\Program Files\libexec\lib\node_modules\npm\bin\node-gyp-bin;C:\Program Files\lib\node_modules\npm\bin\node-gyp-bin;C:\Program Files\nodejs\node_modules\npm\bin\node-gyp-bin;C:\Program Files\Microsoft\jdk-17.0.14.7-hotspot\bin;C:\Windows\system32;C:\Windows;C:\Windows\System32\Wbem;C:\Windows\System32\WindowsPowerShell\v1.0\;C:\Windows\System32\OpenSSH\;C:\ProgramData\chocolatey\bin;C:\Program Files\nodejs\;C:\Users\pdas2\AppData\Local\Microsoft\WindowsApps;C:\Users\pdas2\AppData\Roaming\npm;C:\Users\pdas2\AppData\Local\Android\Sdk\platform-tools;C:\Users\pdas2\AppData\Local\Programs\Microsoft VS Code\bin
USERNAME=pdas2
LANG=en_US.UTF-8
OS=Windows_NT
PROCESSOR_IDENTIFIER=Intel64 Family 6 Model 142 Stepping 12, GenuineIntel
TMP=C:\Users\pdas2\AppData\Local\Temp
TEMP=C:\Users\pdas2\AppData\Local\Temp



Periodic native trim disabled


---------------  S Y S T E M  ---------------

OS:
 Windows 11 , 64 bit Build 22621 (10.0.22621.4830)
OS uptime: 8 days 16:53 hours

CPU: total 4 (initial active 4) (2 cores per cpu, 2 threads per core) family 6 model 142 stepping 12 microcode 0xea, cx8, cmov, fxsr, ht, mmx, 3dnowpref, sse, sse2, sse3, ssse3, sse4.1, sse4.2, popcnt, lzcnt, tsc, tscinvbit, avx, avx2, aes, erms, clmul, bmi1, bmi2, adx, fma, vzeroupper, clflush, clflushopt
Processor Information for processor 0
  Max Mhz: 2592, Current Mhz: 1495, Mhz Limit: 2073
Processor Information for processor 1
  Max Mhz: 2592, Current Mhz: 1495, Mhz Limit: 2073
Processor Information for processor 2
  Max Mhz: 2592, Current Mhz: 2093, Mhz Limit: 2073
Processor Information for processor 3
  Max Mhz: 2592, Current Mhz: 1495, Mhz Limit: 2073

Memory: 4k page, system-wide physical 7996M (453M free)
TotalPageFile size 30674M (AvailPageFile size 3M)
current process WorkingSet (physical memory assigned to process): 11M, peak: 11M
current process commit charge ("private bytes"): 48M, peak: 49M

vm_info: OpenJDK 64-Bit Server VM (17.0.14+7-LTS) for windows-amd64 JRE (17.0.14+7-LTS), built on Jan  8 2025 23:39:28 by "MicrosoftCorporation" with unknown MS VC++:1939

END.
